Arguments: 
  /usr/local/bin/node /usr/local/Cellar/yarn/1.22.4/libexec/bin/yarn.js

PATH: 
  /usr/local/bin:/usr/bin:/bin:/usr/sbin:/sbin

Yarn version: 
  1.22.4

Node version: 
  12.16.3

Platform: 
  darwin x64

Trace: 
  SyntaxError: /Users/wujunjie/开发文件夹/个人开发/topicWangZhe/package.json: Unexpected token < in JSON at position 143
      at JSON.parse (<anonymous>)
      at /usr/local/Cellar/yarn/1.22.4/libexec/lib/cli.js:1625:59
      at Generator.next (<anonymous>)
      at step (/usr/local/Cellar/yarn/1.22.4/libexec/lib/cli.js:310:30)
      at /usr/local/Cellar/yarn/1.22.4/libexec/lib/cli.js:321:13

npm manifest: 
  {
    "name": "web",
    "version": "1.0.0",
    "description": "",
    "main": "app.js",
    "directories": {
      "lib": "lib"
    },
    "dependencies": {
  <<<<<<< HEAD
      "@vant/weapp": "^1.3.0",
      "mobx-miniprogram": "^4.13.2",
      "mobx-miniprogram-bindings": "^1.2.1"
  =======
      "@vant/weapp": "^1.3.0"
  >>>>>>> 49c729e0e666f004629e5b912967b1849e587443
    },
    "devDependencies": {},
    "scripts": {
      "test": "echo \"Error: no test specified\" && exit 1"
    },
    "author": "",
    "license": "ISC"
  }

yarn manifest: 
  No manifest

Lockfile: 
  No lockfile
